[2021-08-31 14:34:15,988] [INFO ]: 
[2021-08-31 14:34:15,988] [INFO ]: ====================LIST OF COMMAND NAMES====================
[2021-08-31 14:34:15,988] [INFO ]: DummyHeaterInitialize receiver_name=heater1
[2021-08-31 14:34:15,989] [INFO ]: DummyMotorInitialize receiver_name=motor1
[2021-08-31 14:34:15,989] [INFO ]: DummyMotorInitialize receiver_name=motor2
[2021-08-31 14:34:15,989] [INFO ]: DummyHeaterSetHeatRate receiver_name=heater1 heat_rate=20.0 delay=P
[2021-08-31 14:34:15,989] [INFO ]: DummyHeaterSetTemp receiver_name=heater1 temperature=60.0
[2021-08-31 14:34:15,990] [INFO ]: DummyMotorSetSpeed receiver_name=motor1 speed=10.0 delay=3.0
[2021-08-31 14:34:15,990] [INFO ]: DummyMotorMoveAbsolute receiver_name=motor1 position=30.0
[2021-08-31 14:34:15,990] [INFO ]: DummyMotorMoveRelative receiver_name=motor1 distance=-20.0
[2021-08-31 14:34:15,991] [INFO ]: DummyMotorDeinitialize receiver_name=motor1 reset_init_flag=True
[2021-08-31 14:34:15,991] [INFO ]: DummyHeaterDeinitialize receiver_name=heater1 reset_init_flag=True
[2021-08-31 14:34:15,991] [INFO ]: 
[2021-08-31 14:34:15,992] [INFO ]: (Number of iterations: ALL)
[2021-08-31 14:34:15,992] [INFO ]: ====================END OF COMMAND NAMES====================
[2021-08-31 14:34:15,992] [INFO ]: ====================BEGINNING OF COMMAND SEQUENCE EXECUTION====================
[2021-08-31 14:34:15,993] [INFO ]: COMMAND -> DummyHeaterInitialize receiver_name=heater1
[2021-08-31 14:34:20,395] [INFO ]: RESULT  -> True, Initialized DummyHeater by setting to room temperature (25 C)
[2021-08-31 14:34:20,395] [INFO ]: COMMAND -> DummyMotorInitialize receiver_name=motor1
[2021-08-31 14:34:22,796] [INFO ]: RESULT  -> True, Initialized DummyMotor by homing and setting position to zero
[2021-08-31 14:34:22,796] [INFO ]: COMMAND -> DummyMotorInitialize receiver_name=motor2
[2021-08-31 14:34:28,006] [INFO ]: RESULT  -> True, Initialized DummyMotor by homing and setting position to zero
[2021-08-31 14:34:28,006] [INFO ]: PAUSE   -> Waiting for user to press enter
[2021-08-31 14:34:50,690] [INFO ]: PAUSE   -> User continued command execution
[2021-08-31 14:34:50,692] [INFO ]: COMMAND -> DummyHeaterSetHeatRate receiver_name=heater1 heat_rate=20.0 delay=P
[2021-08-31 14:34:50,692] [INFO ]: RESULT  -> True, Successfully set DummyHeater heat rate to 20.0
[2021-08-31 14:34:50,692] [INFO ]: COMMAND -> DummyHeaterSetTemp receiver_name=heater1 temperature=60.0
[2021-08-31 14:34:52,893] [INFO ]: RESULT  -> True, DummyHeater temperature has stabilized at 60.0
[2021-08-31 14:34:52,893] [INFO ]: DELAY   -> 3.0
[2021-08-31 14:34:55,895] [INFO ]: COMMAND -> DummyMotorSetSpeed receiver_name=motor1 speed=10.0 delay=3.0
[2021-08-31 14:34:55,895] [INFO ]: RESULT  -> True, DummyMotor speed was successfully set to 10.0
[2021-08-31 14:34:55,897] [INFO ]: COMMAND -> DummyMotorMoveAbsolute receiver_name=motor1 position=30.0
[2021-08-31 14:34:59,598] [INFO ]: RESULT  -> True, DummyMotor has reached position 30.0
[2021-08-31 14:34:59,598] [INFO ]: COMMAND -> DummyMotorMoveRelative receiver_name=motor1 distance=-20.0
[2021-08-31 14:35:02,099] [INFO ]: RESULT  -> True, DummyMotor has moved by -20.0 and reached position 10.0
[2021-08-31 14:35:02,099] [INFO ]: COMMAND -> DummyMotorDeinitialize receiver_name=motor1 reset_init_flag=True
[2021-08-31 14:35:03,300] [INFO ]: RESULT  -> True, Deinitialized DummyMotor by moving to position zero
[2021-08-31 14:35:03,300] [INFO ]: COMMAND -> DummyHeaterDeinitialize receiver_name=heater1 reset_init_flag=True
[2021-08-31 14:35:05,502] [INFO ]: RESULT  -> True, Deinitialized DummyHeater by setting to room temperature (25 C)
[2021-08-31 14:35:05,502] [INFO ]: ====================END OF COMMAND SEQUENCE EXECUTION====================
[2021-08-31 14:35:05,503] [INFO ]: 
