[2021-08-31 14:28:31,473] [INFO ]: 
[2021-08-31 14:28:31,473] [INFO ]: ====================LIST OF COMMAND NAMES====================
[2021-08-31 14:28:31,473] [INFO ]: DummyHeaterInitialize receiver_name=heater1
[2021-08-31 14:28:31,474] [INFO ]: DummyMotorInitialize receiver_name=motor1
[2021-08-31 14:28:31,474] [INFO ]: DummyMotorInitialize receiver_name=motor2
[2021-08-31 14:28:31,474] [INFO ]: DummyHeaterSetTemp receiver_name=heater1 temperature=60.0
[2021-08-31 14:28:31,475] [INFO ]: DummyMotorSetSpeed receiver_name=motor1 speed=10.0 delay=3.0
[2021-08-31 14:28:31,475] [INFO ]: DummyMotorMoveAbsolute receiver_name=motor1 position=30.0
[2021-08-31 14:28:31,475] [INFO ]: DummyMotorMoveRelative receiver_name=motor1 distance=-20.0
[2021-08-31 14:28:31,476] [INFO ]: DummyHeaterDeinitialize receiver_name=heater1 reset_init_flag=True
[2021-08-31 14:28:31,476] [INFO ]: DummyMotorDeinitialize receiver_name=motor1 reset_init_flag=True
[2021-08-31 14:28:31,476] [INFO ]: DummyMotorDeinitialize receiver_name=motor2 reset_init_flag=True
[2021-08-31 14:28:31,477] [INFO ]: 
[2021-08-31 14:28:31,477] [INFO ]: (Number of iterations: ALL)
[2021-08-31 14:28:31,477] [INFO ]: ====================END OF COMMAND NAMES====================
[2021-08-31 14:28:31,478] [INFO ]: ====================BEGINNING OF COMMAND SEQUENCE EXECUTION====================
[2021-08-31 14:28:31,478] [INFO ]: COMMAND -> DummyHeaterInitialize receiver_name=heater1
[2021-08-31 14:28:35,881] [INFO ]: RESULT  -> True, Initialized DummyHeater by setting to room temperature (25 C)
[2021-08-31 14:28:35,881] [INFO ]: COMMAND -> DummyMotorInitialize receiver_name=motor1
[2021-08-31 14:28:38,283] [INFO ]: RESULT  -> True, Initialized DummyMotor by homing and setting position to zero
[2021-08-31 14:28:38,283] [INFO ]: COMMAND -> DummyMotorInitialize receiver_name=motor2
[2021-08-31 14:28:43,487] [INFO ]: RESULT  -> True, Initialized DummyMotor by homing and setting position to zero
[2021-08-31 14:28:43,487] [INFO ]: COMMAND -> DummyHeaterSetTemp receiver_name=heater1 temperature=60.0
[2021-08-31 14:28:45,689] [INFO ]: RESULT  -> True, DummyHeater temperature has stabilized at 60.0
[2021-08-31 14:28:45,689] [INFO ]: DELAY   -> 3.0
[2021-08-31 14:28:48,690] [INFO ]: COMMAND -> DummyMotorSetSpeed receiver_name=motor1 speed=10.0 delay=3.0
[2021-08-31 14:28:48,690] [INFO ]: RESULT  -> True, DummyMotor speed was successfully set to 10.0
[2021-08-31 14:28:48,691] [INFO ]: COMMAND -> DummyMotorMoveAbsolute receiver_name=motor1 position=30.0
[2021-08-31 14:28:52,393] [INFO ]: RESULT  -> True, DummyMotor has reached position 30.0
[2021-08-31 14:28:52,393] [INFO ]: COMMAND -> DummyMotorMoveRelative receiver_name=motor1 distance=-20.0
[2021-08-31 14:28:54,895] [INFO ]: RESULT  -> True, DummyMotor has moved by -20.0 and reached position 10.0
[2021-08-31 14:28:54,895] [INFO ]: COMMAND -> DummyHeaterDeinitialize receiver_name=heater1 reset_init_flag=True
[2021-08-31 14:28:57,096] [INFO ]: RESULT  -> True, Deinitialized DummyHeater by setting to room temperature (25 C)
[2021-08-31 14:28:57,096] [INFO ]: COMMAND -> DummyMotorDeinitialize receiver_name=motor1 reset_init_flag=True
[2021-08-31 14:28:58,297] [INFO ]: RESULT  -> True, Deinitialized DummyMotor by moving to position zero
[2021-08-31 14:28:58,297] [INFO ]: COMMAND -> DummyMotorDeinitialize receiver_name=motor2 reset_init_flag=True
[2021-08-31 14:28:58,298] [INFO ]: RESULT  -> True, Deinitialized DummyMotor by moving to position zero
[2021-08-31 14:28:58,298] [INFO ]: ====================END OF COMMAND SEQUENCE EXECUTION====================
[2021-08-31 14:28:58,299] [INFO ]: 
