[2021-08-31 17:02:35,158] [INFO ]: 
[2021-08-31 17:02:35,158] [INFO ]: ====================LIST OF COMMAND NAMES====================
[2021-08-31 17:02:35,158] [INFO ]: DummyHeaterInitialize receiver_name=heater1
[2021-08-31 17:02:35,158] [INFO ]: DummyMotorInitialize receiver_name=motor1
[2021-08-31 17:02:35,158] [INFO ]: DummyMotorInitialize receiver_name=motor2
[2021-08-31 17:02:35,158] [INFO ]: CompositeCommand (CompositeCommand): 
	DummyMotorSetSpeed receiver_name=motor1 speed=10.0; 
	DummyMotorMoveRelative receiver_name=motor1 distance=20.0; 
	DummyMotorSetSpeed receiver_name=motor1 speed=15.0; 
	DummyMotorMoveRelative receiver_name=motor1 distance=30.0;
[2021-08-31 17:02:35,159] [INFO ]: DummyMotorMoveSpeedAbsolute (CompositeCommand): 
	DummyMotorSetSpeed receiver_name=motor1 speed=50.0; 
	DummyMotorMoveAbsolute receiver_name=motor1 position=0.0; 
	DummyMotorSetSpeed receiver_name=motor1 speed=20.0;
[2021-08-31 17:02:35,159] [INFO ]: DummyMotorMultiMoveAbsolute (CompositeCommand): 
	DummyMotorSetSpeed receiver_name=motor1 speed=5.0; 
	DummyMotorMoveAbsolute receiver_name=motor1 position=10.0; 
	DummyMotorSetSpeed receiver_name=motor2 speed=5.0; 
	DummyMotorMoveAbsolute receiver_name=motor2 position=20.0;
[2021-08-31 17:02:35,160] [INFO ]: DummyMotorMultiMoveAbsolute (CompositeCommand): 
	DummyMotorSetSpeed receiver_name=motor1 speed=20.0; 
	DummyMotorMoveAbsolute receiver_name=motor1 position=5.0; 
	DummyMotorSetSpeed receiver_name=motor2 speed=20.0; 
	DummyMotorMoveAbsolute receiver_name=motor2 position=5.0;
[2021-08-31 17:02:35,160] [INFO ]: DummyHeaterRampHoldRamp (CompositeCommand): 
	DummyHeaterSetHeatRate receiver_name=heater1 heat_rate=20.0; 
	DummyHeaterSetTemp receiver_name=heater1 temperature=30.0; 
	DummyHeaterSetHeatRate receiver_name=heater1 heat_rate=10.0 delay=5.0; 
	DummyHeaterSetTemp receiver_name=heater1 temperature=60.0;
[2021-08-31 17:02:35,161] [INFO ]: DummyPrinterHeatMove (CompositeCommand): 
	DummyHeaterSetHeatRate receiver_name=heater1 heat_rate=20.0; 
	DummyHeaterSetTemp receiver_name=heater1 temperature=85.0; 
	DummyMotorSetSpeed receiver_name=motor2 speed=10.0; 
	DummyMotorMoveRelative receiver_name=motor2 distance=35.0; 
	DummyMotorMoveRelative receiver_name=motor2 distance=-35.0; 
	DummyHeaterSetTemp receiver_name=heater1 temperature=25; 
	DummyHeaterSetHeatRate receiver_name=heater1 heat_rate=20.0; 
	DummyMotorSetSpeed receiver_name=motor2 speed=20.0;
[2021-08-31 17:02:35,162] [INFO ]: DummyHeaterDeinitialize receiver_name=heater1 reset_init_flag=True
[2021-08-31 17:02:35,163] [INFO ]: DummyMotorDeinitialize receiver_name=motor1 reset_init_flag=True
[2021-08-31 17:02:35,163] [INFO ]: DummyMotorDeinitialize receiver_name=motor2 reset_init_flag=True
[2021-08-31 17:02:35,163] [INFO ]: 
[2021-08-31 17:02:35,164] [INFO ]: (Number of iterations: ALL)
[2021-08-31 17:02:35,164] [INFO ]: ====================END OF COMMAND NAMES====================
[2021-08-31 17:02:35,164] [INFO ]: ====================BEGINNING OF COMMAND SEQUENCE EXECUTION====================
[2021-08-31 17:02:35,165] [INFO ]: COMMAND -> DummyHeaterInitialize receiver_name=heater1
[2021-08-31 17:02:36,168] [INFO ]: RESULT  -> True, Initialized DummyHeater by setting to room temperature (25 C)
[2021-08-31 17:02:36,168] [INFO ]: COMMAND -> DummyMotorInitialize receiver_name=motor1
[2021-08-31 17:02:41,372] [INFO ]: RESULT  -> True, Initialized DummyMotor by homing and setting position to zero
[2021-08-31 17:02:41,372] [INFO ]: COMMAND -> DummyMotorInitialize receiver_name=motor2
[2021-08-31 17:02:45,374] [INFO ]: RESULT  -> True, Initialized DummyMotor by homing and setting position to zero
[2021-08-31 17:02:45,374] [INFO ]: COMMAND -> CompositeCommand (CompositeCommand): 
	DummyMotorSetSpeed receiver_name=motor1 speed=10.0; 
	DummyMotorMoveRelative receiver_name=motor1 distance=20.0; 
	DummyMotorSetSpeed receiver_name=motor1 speed=15.0; 
	DummyMotorMoveRelative receiver_name=motor1 distance=30.0;
[2021-08-31 17:02:50,377] [INFO ]: RESULT  -> True, DummyMotor has moved by 30.0 and reached position 50.0
[2021-08-31 17:02:50,377] [INFO ]: COMMAND -> DummyMotorMoveSpeedAbsolute (CompositeCommand): 
	DummyMotorSetSpeed receiver_name=motor1 speed=50.0; 
	DummyMotorMoveAbsolute receiver_name=motor1 position=0.0; 
	DummyMotorSetSpeed receiver_name=motor1 speed=20.0;
[2021-08-31 17:02:51,580] [INFO ]: RESULT  -> True, DummyMotor speed was successfully set to 20.0
[2021-08-31 17:02:51,580] [INFO ]: COMMAND -> DummyMotorMultiMoveAbsolute (CompositeCommand): 
	DummyMotorSetSpeed receiver_name=motor1 speed=5.0; 
	DummyMotorMoveAbsolute receiver_name=motor1 position=10.0; 
	DummyMotorSetSpeed receiver_name=motor2 speed=5.0; 
	DummyMotorMoveAbsolute receiver_name=motor2 position=20.0;
[2021-08-31 17:02:59,085] [INFO ]: RESULT  -> True, DummyMotor has reached position 20.0
[2021-08-31 17:02:59,085] [INFO ]: COMMAND -> DummyMotorMultiMoveAbsolute (CompositeCommand): 
	DummyMotorSetSpeed receiver_name=motor1 speed=20.0; 
	DummyMotorMoveAbsolute receiver_name=motor1 position=5.0; 
	DummyMotorSetSpeed receiver_name=motor2 speed=20.0; 
	DummyMotorMoveAbsolute receiver_name=motor2 position=5.0;
[2021-08-31 17:03:00,286] [INFO ]: RESULT  -> True, DummyMotor has reached position 5.0
[2021-08-31 17:03:00,286] [INFO ]: COMMAND -> DummyHeaterRampHoldRamp (CompositeCommand): 
	DummyHeaterSetHeatRate receiver_name=heater1 heat_rate=20.0; 
	DummyHeaterSetTemp receiver_name=heater1 temperature=30.0; 
	DummyHeaterSetHeatRate receiver_name=heater1 heat_rate=10.0 delay=5.0; 
	DummyHeaterSetTemp receiver_name=heater1 temperature=60.0;
[2021-08-31 17:03:09,293] [INFO ]: RESULT  -> True, DummyHeater temperature has stabilized at 60.0
[2021-08-31 17:03:09,293] [INFO ]: COMMAND -> DummyPrinterHeatMove (CompositeCommand): 
	DummyHeaterSetHeatRate receiver_name=heater1 heat_rate=20.0; 
	DummyHeaterSetTemp receiver_name=heater1 temperature=85.0; 
	DummyMotorSetSpeed receiver_name=motor2 speed=10.0; 
	DummyMotorMoveRelative receiver_name=motor2 distance=35.0; 
	DummyMotorMoveRelative receiver_name=motor2 distance=-35.0; 
	DummyHeaterSetTemp receiver_name=heater1 temperature=25; 
	DummyHeaterSetHeatRate receiver_name=heater1 heat_rate=20.0; 
	DummyMotorSetSpeed receiver_name=motor2 speed=20.0;
[2021-08-31 17:03:23,298] [INFO ]: RESULT  -> True, DummyMotor speed was successfully set to 20.0
[2021-08-31 17:03:23,298] [INFO ]: COMMAND -> DummyHeaterDeinitialize receiver_name=heater1 reset_init_flag=True
[2021-08-31 17:03:23,299] [INFO ]: RESULT  -> True, Deinitialized DummyHeater by setting to room temperature (25 C)
[2021-08-31 17:03:23,300] [INFO ]: COMMAND -> DummyMotorDeinitialize receiver_name=motor1 reset_init_flag=True
[2021-08-31 17:03:23,600] [INFO ]: RESULT  -> True, Deinitialized DummyMotor by moving to position zero
[2021-08-31 17:03:23,600] [INFO ]: COMMAND -> DummyMotorDeinitialize receiver_name=motor2 reset_init_flag=True
[2021-08-31 17:03:23,901] [INFO ]: RESULT  -> True, Deinitialized DummyMotor by moving to position zero
[2021-08-31 17:03:23,901] [INFO ]: ====================END OF COMMAND SEQUENCE EXECUTION====================
[2021-08-31 17:03:23,901] [INFO ]: 
